[INFO] Scanning for projects...
[INFO] 
[INFO] -----------------------< org.javaproject:demo1 >------------------------
[INFO] Building demo1 1.0-SNAPSHOT
[INFO]   from pom.xml
[INFO] --------------------------------[ war ]---------------------------------
[INFO] 
[INFO] --- resources:3.3.1:resources (default-resources) @ demo1 ---
[INFO] Copying 2 resources from src\main\resources to target\classes
[INFO] 
[INFO] --- compiler:3.13.0:compile (default-compile) @ demo1 ---
[INFO] Recompiling the module because of changed source code.
[INFO] Compiling 23 source files with javac [debug target 21] to target\classes
[INFO] /C:/Users/HP/demo1/src/main/java/ecommerce/Services/OrderService.java: C:\Users\HP\demo1\src\main\java\ecommerce\Services\OrderService.java uses or overrides a deprecated API.
[INFO] /C:/Users/HP/demo1/src/main/java/ecommerce/Services/OrderService.java: Recompile with -Xlint:deprecation for details.
[INFO] -------------------------------------------------------------
[ERROR] COMPILATION ERROR : 
[INFO] -------------------------------------------------------------
[ERROR] /C:/Users/HP/demo1/src/main/java/ecommerce/Controller/CheckoutServlet.java:[4,38] cannot find symbol
  symbol: class HttpServlet
[ERROR] /C:/Users/HP/demo1/src/main/java/ecommerce/Controller/CheckoutServlet.java:[3,2] cannot find symbol
  symbol: class WebServlet
[ERROR] /C:/Users/HP/demo1/src/main/java/ecommerce/Controller/CheckoutServlet.java:[6,13] cannot find symbol
  symbol:   class OrderDAO
  location: class ecommerce.Controller.CheckoutServlet
[ERROR] /C:/Users/HP/demo1/src/main/java/ecommerce/Controller/CheckoutServlet.java:[14,27] cannot find symbol
  symbol:   class HttpServletRequest
  location: class ecommerce.Controller.CheckoutServlet
[ERROR] /C:/Users/HP/demo1/src/main/java/ecommerce/Controller/CheckoutServlet.java:[15,27] cannot find symbol
  symbol:   class HttpServletResponse
  location: class ecommerce.Controller.CheckoutServlet
[ERROR] /C:/Users/HP/demo1/src/main/java/ecommerce/Controller/CheckoutServlet.java:[16,20] cannot find symbol
  symbol:   class IOException
  location: class ecommerce.Controller.CheckoutServlet
[ERROR] /C:/Users/HP/demo1/src/main/java/ecommerce/Controller/CheckoutServlet.java:[8,5] method does not override or implement a method from a supertype
[ERROR] /C:/Users/HP/demo1/src/main/java/ecommerce/Controller/CheckoutServlet.java:[10,24] cannot find symbol
  symbol:   class OrderDAO
  location: class ecommerce.Controller.CheckoutServlet
[ERROR] /C:/Users/HP/demo1/src/main/java/ecommerce/Controller/CheckoutServlet.java:[13,5] method does not override or implement a method from a supertype
[ERROR] /C:/Users/HP/demo1/src/main/java/ecommerce/Controller/CheckoutServlet.java:[18,9] cannot find symbol
  symbol:   class HttpSession
  location: class ecommerce.Controller.CheckoutServlet
[ERROR] /C:/Users/HP/demo1/src/main/java/ecommerce/Controller/CheckoutServlet.java:[20,9] cannot find symbol
  symbol:   class Map
  location: class ecommerce.Controller.CheckoutServlet
[ERROR] /C:/Users/HP/demo1/src/main/java/ecommerce/Controller/CheckoutServlet.java:[20,22] cannot find symbol
  symbol:   class CartItem
  location: class ecommerce.Controller.CheckoutServlet
[ERROR] /C:/Users/HP/demo1/src/main/java/ecommerce/Controller/CheckoutServlet.java:[21,18] cannot find symbol
  symbol:   class Map
  location: class ecommerce.Controller.CheckoutServlet
[ERROR] /C:/Users/HP/demo1/src/main/java/ecommerce/Controller/CheckoutServlet.java:[21,31] cannot find symbol
  symbol:   class CartItem
  location: class ecommerce.Controller.CheckoutServlet
[ERROR] /C:/Users/HP/demo1/src/main/java/ecommerce/Controller/CheckoutServlet.java:[23,9] cannot find symbol
  symbol:   class User
  location: class ecommerce.Controller.CheckoutServlet
[ERROR] /C:/Users/HP/demo1/src/main/java/ecommerce/Controller/CheckoutServlet.java:[23,22] cannot find symbol
  symbol:   class User
  location: class ecommerce.Controller.CheckoutServlet
[ERROR] /C:/Users/HP/demo1/src/main/java/ecommerce/Controller/CheckoutServlet.java:[30,9] cannot find symbol
  symbol:   class Order
  location: class ecommerce.Controller.CheckoutServlet
[ERROR] /C:/Users/HP/demo1/src/main/java/ecommerce/Controller/CheckoutServlet.java:[30,27] cannot find symbol
  symbol:   class Order
  location: class ecommerce.Controller.CheckoutServlet
[ERROR] /C:/Users/HP/demo1/src/main/java/ecommerce/Controller/CheckoutServlet.java:[36,9] cannot find symbol
  symbol:   class List
  location: class ecommerce.Controller.CheckoutServlet
[ERROR] /C:/Users/HP/demo1/src/main/java/ecommerce/Controller/CheckoutServlet.java:[36,14] cannot find symbol
  symbol:   class OrderItem
  location: class ecommerce.Controller.CheckoutServlet
[ERROR] /C:/Users/HP/demo1/src/main/java/ecommerce/Controller/CheckoutServlet.java:[36,42] cannot find symbol
  symbol:   class ArrayList
  location: class ecommerce.Controller.CheckoutServlet
[ERROR] /C:/Users/HP/demo1/src/main/java/ecommerce/Controller/CheckoutServlet.java:[38,14] cannot find symbol
  symbol:   class CartItem
  location: class ecommerce.Controller.CheckoutServlet
[ERROR] /C:/Users/HP/demo1/src/main/java/ecommerce/Controller/CheckoutServlet.java:[40,13] cannot find symbol
  symbol:   class OrderItem
  location: class ecommerce.Controller.CheckoutServlet
[ERROR] /C:/Users/HP/demo1/src/main/java/ecommerce/Controller/CheckoutServlet.java:[40,34] cannot find symbol
  symbol:   class OrderItem
  location: class ecommerce.Controller.CheckoutServlet
[INFO] 24 errors 
[INFO] -------------------------------------------------------------
[INFO] ------------------------------------------------------------------------
[INFO] BUILD FAILURE
[INFO] ------------------------------------------------------------------------
[INFO] Total time:  3.698 s
[INFO] Finished at: 2026-02-25T20:25:14+02:00
[INFO] ------------------------------------------------------------------------
[ERROR] Failed to execute goal org.apache.maven.plugins:maven-compiler-plugin:3.13.0:compile (default-compile) on project demo1: Compilation failure: Compilation failure: 
[ERROR] /C:/Users/HP/demo1/src/main/java/ecommerce/Controller/CheckoutServlet.java:[4,38] cannot find symbol
[ERROR]   symbol: class HttpServlet
[ERROR] /C:/Users/HP/demo1/src/main/java/ecommerce/Controller/CheckoutServlet.java:[3,2] cannot find symbol
[ERROR]   symbol: class WebServlet
[ERROR] /C:/Users/HP/demo1/src/main/java/ecommerce/Controller/CheckoutServlet.java:[6,13] cannot find symbol
[ERROR]   symbol:   class OrderDAO
[ERROR]   location: class ecommerce.Controller.CheckoutServlet
[ERROR] /C:/Users/HP/demo1/src/main/java/ecommerce/Controller/CheckoutServlet.java:[14,27] cannot find symbol
[ERROR]   symbol:   class HttpServletRequest
[ERROR]   location: class ecommerce.Controller.CheckoutServlet
[ERROR] /C:/Users/HP/demo1/src/main/java/ecommerce/Controller/CheckoutServlet.java:[15,27] cannot find symbol
[ERROR]   symbol:   class HttpServletResponse
[ERROR]   location: class ecommerce.Controller.CheckoutServlet
[ERROR] /C:/Users/HP/demo1/src/main/java/ecommerce/Controller/CheckoutServlet.java:[16,20] cannot find symbol
[ERROR]   symbol:   class IOException
[ERROR]   location: class ecommerce.Controller.CheckoutServlet
[ERROR] /C:/Users/HP/demo1/src/main/java/ecommerce/Controller/CheckoutServlet.java:[8,5] method does not override or implement a method from a supertype
[ERROR] /C:/Users/HP/demo1/src/main/java/ecommerce/Controller/CheckoutServlet.java:[10,24] cannot find symbol
[ERROR]   symbol:   class OrderDAO
[ERROR]   location: class ecommerce.Controller.CheckoutServlet
[ERROR] /C:/Users/HP/demo1/src/main/java/ecommerce/Controller/CheckoutServlet.java:[13,5] method does not override or implement a method from a supertype
[ERROR] /C:/Users/HP/demo1/src/main/java/ecommerce/Controller/CheckoutServlet.java:[18,9] cannot find symbol
[ERROR]   symbol:   class HttpSession
[ERROR]   location: class ecommerce.Controller.CheckoutServlet
[ERROR] /C:/Users/HP/demo1/src/main/java/ecommerce/Controller/CheckoutServlet.java:[20,9] cannot find symbol
[ERROR]   symbol:   class Map
[ERROR]   location: class ecommerce.Controller.CheckoutServlet
[ERROR] /C:/Users/HP/demo1/src/main/java/ecommerce/Controller/CheckoutServlet.java:[20,22] cannot find symbol
[ERROR]   symbol:   class CartItem
[ERROR]   location: class ecommerce.Controller.CheckoutServlet
[ERROR] /C:/Users/HP/demo1/src/main/java/ecommerce/Controller/CheckoutServlet.java:[21,18] cannot find symbol
[ERROR]   symbol:   class Map
[ERROR]   location: class ecommerce.Controller.CheckoutServlet
[ERROR] /C:/Users/HP/demo1/src/main/java/ecommerce/Controller/CheckoutServlet.java:[21,31] cannot find symbol
[ERROR]   symbol:   class CartItem
[ERROR]   location: class ecommerce.Controller.CheckoutServlet
[ERROR] /C:/Users/HP/demo1/src/main/java/ecommerce/Controller/CheckoutServlet.java:[23,9] cannot find symbol
[ERROR]   symbol:   class User
[ERROR]   location: class ecommerce.Controller.CheckoutServlet
[ERROR] /C:/Users/HP/demo1/src/main/java/ecommerce/Controller/CheckoutServlet.java:[23,22] cannot find symbol
[ERROR]   symbol:   class User
[ERROR]   location: class ecommerce.Controller.CheckoutServlet
[ERROR] /C:/Users/HP/demo1/src/main/java/ecommerce/Controller/CheckoutServlet.java:[30,9] cannot find symbol
[ERROR]   symbol:   class Order
[ERROR]   location: class ecommerce.Controller.CheckoutServlet
[ERROR] /C:/Users/HP/demo1/src/main/java/ecommerce/Controller/CheckoutServlet.java:[30,27] cannot find symbol
[ERROR]   symbol:   class Order
[ERROR]   location: class ecommerce.Controller.CheckoutServlet
[ERROR] /C:/Users/HP/demo1/src/main/java/ecommerce/Controller/CheckoutServlet.java:[36,9] cannot find symbol
[ERROR]   symbol:   class List
[ERROR]   location: class ecommerce.Controller.CheckoutServlet
[ERROR] /C:/Users/HP/demo1/src/main/java/ecommerce/Controller/CheckoutServlet.java:[36,14] cannot find symbol
[ERROR]   symbol:   class OrderItem
[ERROR]   location: class ecommerce.Controller.CheckoutServlet
[ERROR] /C:/Users/HP/demo1/src/main/java/ecommerce/Controller/CheckoutServlet.java:[36,42] cannot find symbol
[ERROR]   symbol:   class ArrayList
[ERROR]   location: class ecommerce.Controller.CheckoutServlet
[ERROR] /C:/Users/HP/demo1/src/main/java/ecommerce/Controller/CheckoutServlet.java:[38,14] cannot find symbol
[ERROR]   symbol:   class CartItem
[ERROR]   location: class ecommerce.Controller.CheckoutServlet
[ERROR] /C:/Users/HP/demo1/src/main/java/ecommerce/Controller/CheckoutServlet.java:[40,13] cannot find symbol
[ERROR]   symbol:   class OrderItem
[ERROR]   location: class ecommerce.Controller.CheckoutServlet
[ERROR] /C:/Users/HP/demo1/src/main/java/ecommerce/Controller/CheckoutServlet.java:[40,34] cannot find symbol
[ERROR]   symbol:   class OrderItem
[ERROR]   location: class ecommerce.Controller.CheckoutServlet
[ERROR] -> [Help 1]
[ERROR] 
[ERROR] To see the full stack trace of the errors, re-run Maven with the -e switch.
[ERROR] Re-run Maven using the -X switch to enable full debug logging.
[ERROR] 
[ERROR] For more information about the errors and possible solutions, please read the following articles:
[ERROR] [Help 1] http://cwiki.apache.org/confluence/display/MAVEN/MojoFailureException
